<?xml version="1.0" encoding="UTF-8"?>
<!-- Generated by org.testng.reporters.JUnitXMLReporter -->
<testsuite hostname="RN" failures="0" tests="3" name="Submit rder test" time="15.459" errors="0" timestamp="4 Apr 2024 14:15:23 GMT">
  <testcase classname="FrameWork.SubmitOrderTest" name="submitorder" time="3.051"/>
  <testcase classname="FrameWork.SubmitOrderTest" name="submitorder" time="2.899"/>
  <testcase classname="FrameWork.SubmitOrderTest" name="orderHistoryTest" time="0.646"/>
</testsuite> <!-- Submit rder test -->
