<?xml version="1.0" encoding="UTF-8"?>
<!-- Generated by org.testng.reporters.JUnitXMLReporter -->
<testsuite hostname="RN" failures="1" tests="2" name="Error Validation Test" time="6.519" errors="0" timestamp="4 Apr 2024 14:10:21 GMT">
  <testcase classname="FrameWork.errorValidation" name="Productvalidation" time="1.978"/>
  <testcase classname="FrameWork.errorValidation" name="validation" time="0.511">
    <failure type="java.lang.AssertionError" message="expected [Incorrect email or password.] but found [Incorrect email or password]">
      <![CDATA[java.lang.AssertionError: expected [Incorrect email or password.] but found [Incorrect email or password]
	at FrameWork.errorValidation.validation(errorValidation.java:32)
... Removed 30 stack frames]]>
    </failure>
  </testcase> <!-- validation -->
</testsuite> <!-- Error Validation Test -->
