<?xml version="1.0" encoding="UTF-8"?>
<!-- Generated by org.testng.reporters.JUnitXMLReporter -->
<testsuite hostname="RN" failures="0" tests="3" name="Submit rder test" time="11.923" errors="0" timestamp="4 Apr 2024 14:10:14 GMT">
  <testcase classname="FrameWork.SubmitOrderTest" name="submitorder" time="3.072"/>
  <testcase classname="FrameWork.SubmitOrderTest" name="submitorder" time="2.905"/>
  <testcase classname="FrameWork.SubmitOrderTest" name="orderHistoryTest" time="0.649"/>
</testsuite> <!-- Submit rder test -->
