<?xml version="1.0" encoding="UTF-8"?>
<!-- Generated by org.testng.reporters.JUnitXMLReporter -->
<testsuite hostname="RN" failures="1" tests="2" name="Error Validation Test" time="11.384" errors="0" timestamp="8 Apr 2024 09:42:30 GMT">
  <testcase classname="FrameWork.errorValidation" name="Productvalidation" time="2.32"/>
  <testcase classname="FrameWork.errorValidation" name="validation" time="0.874">
    <failure type="java.lang.AssertionError" message="expected [Incorrect email or password.] but found [Incorrect email or password]">
      <![CDATA[java.lang.AssertionError: expected [Incorrect email or password.] but found [Incorrect email or password]
	at FrameWork.errorValidation.validation(errorValidation.java:32)
	at java.base/java.util.concurrent.FutureTask.run(FutureTask.java:264)
	at java.base/java.util.concurrent.ThreadPoolExecutor.runWorker(ThreadPoolExecutor.java:1136)
	at java.base/java.util.concurrent.ThreadPoolExecutor$Worker.run(ThreadPoolExecutor.java:635)
	at java.base/java.lang.Thread.run(Thread.java:840)
... Removed 22 stack frames]]>
    </failure>
  </testcase> <!-- validation -->
</testsuite> <!-- Error Validation Test -->
