<?xml version="1.0" encoding="UTF-8"?>
<!-- Generated by org.testng.reporters.JUnitXMLReporter -->
<testsuite hostname="RN" failures="0" tests="3" name="Submit rder test" time="16.808" errors="0" timestamp="8 Apr 2024 09:42:35 GMT">
  <testcase classname="FrameWork.SubmitOrderTest" name="submitorder" time="3.645"/>
  <testcase classname="FrameWork.SubmitOrderTest" name="submitorder" time="3.509"/>
  <testcase classname="FrameWork.SubmitOrderTest" name="orderHistoryTest" time="0.649"/>
</testsuite> <!-- Submit rder test -->
